<?xml version="1.0" encoding="UTF-8" ?>
<testsuite errors="0" failures="0" name="edu.duke.cabig.catrip.test.system.JUnitDocReportTest" tests="1" time="5.737">
  <properties>
[...]
</properties>
  <testcase classname="edu.duke.cabig.catrip.test.system.JUnitDocReportTest" name="Story" time="5.497"></testcase>
  <system-out><![CDATA[
===============================================
STORY: edu.duke.cabig.catrip.test.system.JUnitDocReportTest

> CreateJUnitDocReportAntFile (edu.duke.cabig.catrip.test.system.JUnitDocReportTest)


> RunJUnitDocReportStep (edu.duke.cabig.catrip.test.system.JUnitDocReportTest)

Buildfile: RunJUnitDocReportStep3573.xml

runreport:
[junitDocReport] C:\apache-ant-1.6.2\lib\ant-launcher.jar;C:\orabpel\lib\olite40.jar;C:\apache-ant-1.6.2\lib\ant-antlr.jar;C:\apache-ant-1.6.2\lib\ant-apache-bcel.jar;C:\apache-ant-1.6.2\lib\ant-apache-bsf.jar;C:\apache-ant-1.6.2\lib\ant-apache-log4j.jar;C:\apache-ant-1.6.2\lib\ant-apache-oro.jar;C:\apache-ant-1.6.2\lib\ant-apache-regexp.jar;C:\apache-ant-1.6.2\lib\ant-apache-resolver.jar;C:\apache-ant-1.6.2\lib\ant-commons-logging.jar;C:\apache-ant-1.6.2\lib\ant-commons-net.jar;C:\apache-ant-1.6.2\lib\ant-contrib.jar;C:\apache-ant-1.6.2\lib\ant-icontract.jar;C:\apache-ant-1.6.2\lib\ant-jai.jar;C:\apache-ant-1.6.2\lib\ant-javamail.jar;C:\apache-ant-1.6.2\lib\ant-jdepend.jar;C:\apache-ant-1.6.2\lib\ant-jmf.jar;C:\apache-ant-1.6.2\lib\ant-jsch.jar;C:\apache-ant-1.6.2\lib\ant-junit.jar;C:\apache-ant-1.6.2\lib\ant-launcher.jar;C:\apache-ant-1.6.2\lib\ant-netrexx.jar;C:\apache-ant-1.6.2\lib\ant-nodeps.jar;C:\apache-ant-1.6.2\lib\ant-starteam.jar;C:\apache-ant-1.6.2\lib\ant-stylebook.jar;C:\apache-ant-1.6.2\lib\ant-swing.jar;C:\apache-ant-1.6.2\lib\ant-trax.jar;C:\apache-ant-1.6.2\lib\ant-vaj.jar;C:\apache-ant-1.6.2\lib\ant-weblogic.jar;C:\apache-ant-1.6.2\lib\ant-xalan1.jar;C:\apache-ant-1.6.2\lib\ant-xslp.jar;C:\apache-ant-1.6.2\lib\ant.jar;C:\apache-ant-1.6.2\lib\cpptasks.jar;C:\apache-ant-1.6.2\lib\junit.jar;C:\apache-ant-1.6.2\lib\xercesImpl.jar;C:\apache-ant-1.6.2\lib\xml-apis.jar;C:\jdk1.5.0_03\lib\tools.jar
[junitDocReport] Loading source files for package edu.duke.cabig.catrip.security.password...
[junitDocReport] Constructing Javadoc information...
[junitDocReport] C:\caBIG\catrip\codebase\projects\security-password\src\java\edu\duke\cabig\catrip\security\password\SecurePassword.java:6: package gov.nih.nci.cagrid.gridca.common does not exist
[junitDocReport] import gov.nih.nci.cagrid.gridca.common.KeyUtil;
[junitDocReport]                                         ^
[junitDocReport] 1 warning
[junitDocReport] Loading source files for package edu.duke.cabig.catrip.security.password...
[junitDocReport] Constructing Javadoc information...
[junitDocReport] Loading source files for package edu.duke.cabig.catrip.security.dukeidp...
[junitDocReport] Constructing Javadoc information...
[junitDocReport] C:\caBIG\catrip\codebase\projects\security-dukeidp\src\java\edu\duke\cabig\catrip\security\dukeidp\NTAuthentication.java:10: package jcifs does not exist
[junitDocReport] import jcifs.UniAddress;
[junitDocReport]              ^
[junitDocReport] C:\caBIG\catrip\codebase\projects\security-dukeidp\src\java\edu\duke\cabig\catrip\security\dukeidp\NTAuthentication.java:11: package jcifs.smb does not exist
[junitDocReport] import jcifs.smb.NtlmPasswordAuthentication;
[junitDocReport]                  ^
[junitDocReport] C:\caBIG\catrip\codebase\projects\security-dukeidp\src\java\edu\duke\cabig\catrip\security\dukeidp\NTAuthentication.java:12: package jcifs.smb does not exist
[junitDocReport] import jcifs.smb.SmbAuthException;
[junitDocReport]                  ^
[junitDocReport] C:\caBIG\catrip\codebase\projects\security-dukeidp\src\java\edu\duke\cabig\catrip\security\dukeidp\NTAuthentication.java:13: package jcifs.smb does not exist
[junitDocReport] import jcifs.smb.SmbException;
[junitDocReport]                  ^
[junitDocReport] C:\caBIG\catrip\codebase\projects\security-dukeidp\src\java\edu\duke\cabig\catrip\security\dukeidp\NTAuthentication.java:14: package jcifs.smb does not exist
[junitDocReport] import jcifs.smb.SmbSession;
[junitDocReport]                  ^
[junitDocReport] C:\caBIG\catrip\codebase\projects\security-dukeidp\src\java\edu\duke\cabig\catrip\security\dukeidp\NTAuthentication.java:77: cannot find symbol
[junitDocReport] symbol  : class SmbException
[junitDocReport] location: class edu.duke.cabig.catrip.security.dukeidp.NTAuthentication
[junitDocReport] 	private String getMessage(SmbException se)
[junitDocReport]                                   ^
[junitDocReport] 6 warnings
[junitDocReport] Loading source files for package edu.duke.cabig.catrip.security.dukeidp...
[junitDocReport] Constructing Javadoc information...
[junitDocReport] C:\caBIG\catrip\codebase\projects\security-dukeidp\test\src\java\edu\duke\cabig\catrip\security\dukeidp\NTAuthenticationTest.java:14: package edu.duke.cabig.catrip.security.password does not exist
[junitDocReport] import edu.duke.cabig.catrip.security.password.SecurePassword;
[junitDocReport]                                                ^
[junitDocReport] C:\caBIG\catrip\codebase\projects\security-dukeidp\test\src\java\edu\duke\cabig\catrip\security\dukeidp\NTAuthenticationTest.java:29: cannot find symbol
[junitDocReport] symbol  : class NTAuthentication
[junitDocReport] location: class edu.duke.cabig.catrip.security.dukeidp.NTAuthenticationTest
[junitDocReport] 	public NTAuthentication ntAuth;
[junitDocReport]                ^
[junitDocReport] 2 warnings
[junitDocReport] Loading source files for package edu.duke.cabig.catrip.test.report.report...
[junitDocReport] Loading source files for package edu.duke.cabig.catrip.test.report.javadoc...
[junitDocReport] Loading source files for package edu.duke.cabig.catrip.test.report...
[junitDocReport] Loading source files for package edu.duke.cabig.catrip.test.report.data...
[junitDocReport] Loading source files for package edu.duke.cabig.catrip.test.report.ant...
[junitDocReport] Constructing Javadoc information...
[junitDocReport] Loading source files for package edu.duke.cabig.catrip.test.report.report...
[junitDocReport] Loading source files for package edu.duke.cabig.catrip.test.report...
[junitDocReport] Constructing Javadoc information...
[junitDocReport] C:\caBIG\catrip\codebase\projects\test-report\test\src\java\edu\duke\cabig\catrip\test\report\report\JUnitHtmlReportTest.java:20: cannot find symbol
[junitDocReport] symbol  : class JUnitDoclet
[junitDocReport] location: package edu.duke.cabig.catrip.test.report
[junitDocReport] import edu.duke.cabig.catrip.test.report.JUnitDoclet;
[junitDocReport]                                          ^
[junitDocReport] C:\caBIG\catrip\codebase\projects\test-report\test\src\java\edu\duke\cabig\catrip\test\report\report\JUnitHtmlReportTest.java:21: cannot find symbol
[junitDocReport] symbol  : class JUnitXmlParser
[junitDocReport] location: package edu.duke.cabig.catrip.test.report
[junitDocReport] import edu.duke.cabig.catrip.test.report.JUnitXmlParser;
[junitDocReport]                                          ^
[junitDocReport] C:\caBIG\catrip\codebase\projects\test-report\test\src\java\edu\duke\cabig\catrip\test\report\report\JUnitHtmlReportTest.java:22: package edu.duke.cabig.catrip.test.report.data does not exist
[junitDocReport] import edu.duke.cabig.catrip.test.report.data.TestSuite;
[junitDocReport]                                               ^
[junitDocReport] C:\caBIG\catrip\codebase\projects\test-report\test\src\java\edu\duke\cabig\catrip\test\report\JUnitDocletTest.java:9: package edu.duke.cabig.catrip.test.report.data does not exist
[junitDocReport] import edu.duke.cabig.catrip.test.report.data.TestCase;
[junitDocReport]                                               ^
[junitDocReport] C:\caBIG\catrip\codebase\projects\test-report\test\src\java\edu\duke\cabig\catrip\test\report\JUnitDocletTest.java:10: package edu.duke.cabig.catrip.test.report.data does not exist
[junitDocReport] import edu.duke.cabig.catrip.test.report.data.TestSuite;
[junitDocReport]                                               ^
[junitDocReport] C:\caBIG\catrip\codebase\projects\test-report\test\src\java\edu\duke\cabig\catrip\test\report\JUnitXmlParserTest.java:13: package edu.duke.cabig.catrip.test.report.data does not exist
[junitDocReport] import edu.duke.cabig.catrip.test.report.data.TestSuite;
[junitDocReport]                                               ^
[junitDocReport] 6 warnings

BUILD SUCCESSFUL
Total time: 5 seconds

> CheckJUnitDocReportStep (edu.duke.cabig.catrip.test.system.JUnitDocReportTest)

]]></system-out>
  <system-err><![CDATA[]]></system-err>
</testsuite>
