<?xml version="1.0" encoding="UTF-8" ?>
<testsuite errors="0" failures="0" name="edu.duke.cabig.catrip.test.report.JUnitXmlParserTest" tests="2" time="0.691">
  <properties>
[...]
</properties>
  <testcase classname="edu.duke.cabig.catrip.test.report.JUnitXmlParserTest" name="testJUnit" time="0.15"></testcase>
  <testcase classname="edu.duke.cabig.catrip.test.report.JUnitXmlParserTest" name="testJUnitReport" time="0.05"></testcase>
  <system-out><![CDATA[]]></system-out>
  <system-err><![CDATA[]]></system-err>
</testsuite>
