<?xml version="1.0" encoding="UTF-8" ?>
<testsuite errors="1" failures="0" name="gov.nih.nci.catrip.cagrid.catripquery.TestQueryService" tests="1" time="0.0">
  <properties>
[...]
</properties>
  <error message="gov.nih.nci.catrip.cagrid.catripquery.TestQueryService" type="java.lang.ClassNotFoundException">java.lang.ClassNotFoundException: gov.nih.nci.catrip.cagrid.catripquery.TestQueryService
	at java.net.URLClassLoader$1.run(URLClassLoader.java:200)
	at java.security.AccessController.doPrivileged(Native Method)
	at java.net.URLClassLoader.findClass(URLClassLoader.java:188)
	at java.lang.ClassLoader.loadClass(ClassLoader.java:306)
	at sun.misc.Launcher$AppClassLoader.loadClass(Launcher.java:268)
	at java.lang.ClassLoader.loadClass(ClassLoader.java:251)
	at java.lang.ClassLoader.loadClassInternal(ClassLoader.java:319)
	at java.lang.Class.forName0(Native Method)
	at java.lang.Class.forName(Class.java:164)
</error>
  <system-out><![CDATA[]]></system-out>
  <system-err><![CDATA[]]></system-err>
</testsuite>
