<?xml version="1.0" encoding="UTF-8" ?>

<!--L
  Copyright Duke Comprehensive Cancer Center

  Distributed under the OSI-approved BSD 3-Clause License.
  See http://ncip.github.com/catrip/LICENSE.txt for details.
L-->

<testsuite errors="0" failures="0" name="TestFQE" tests="1" time="6.125">
  <properties>
[...]
</properties>
  <testcase classname="TestFQE" name="testFQE" time="5.812"></testcase>
  <system-out><![CDATA[WARN   isAttachmentSupported, Unable to find required classes (javax.activation.DataHandler and javax.mail.internet.MimeMultipart). Attachment support is disabled.
57
ParticipantMedicalIdentifier-id 25962 annotationSetCollection-type ns2:NottinghamHistopathologicGrade annotationSetCollection-mitoticCount 2 ParticipantMedicalIdentifier-medicalRecordNumber P81708 annotationSetCollection-totalScore 8 annotationSetCollection-id 28260     
ParticipantMedicalIdentifier-id 24506 annotationSetCollection-type ns2:NottinghamHistopathologicGrade annotationSetCollection-mitoticCount 3 ParticipantMedicalIdentifier-medicalRecordNumber ZS5360 annotationSetCollection-totalScore 8 annotationSetCollection-id 28045     
ParticipantMedicalIdentifier-id 27299 annotationSetCollection-type ns2:NottinghamHistopathologicGrade annotationSetCollection-mitoticCount 3 ParticipantMedicalIdentifier-medicalRecordNumber S94101 annotationSetCollection-totalScore 8 annotationSetCollection-id 27951     
ParticipantMedicalIdentifier-id 24646 annotationSetCollection-type ns2:NottinghamHistopathologicGrade annotationSetCollection-mitoticCount 3 ParticipantMedicalIdentifier-medicalRecordNumber YX4353 annotationSetCollection-totalScore 8 annotationSetCollection-id 27822     
ParticipantMedicalIdentifier-id 25486 annotationSetCollection-type ns2:NottinghamHistopathologicGrade annotationSetCollection-mitoticCount 3 ParticipantMedicalIdentifier-medicalRecordNumber ZT3480 annotationSetCollection-totalScore 8 annotationSetCollection-id 27819     
ParticipantMedicalIdentifier-id 24856 annotationSetCollection-type ns2:NottinghamHistopathologicGrade annotationSetCollection-mitoticCount 3 ParticipantMedicalIdentifier-medicalRecordNumber W24818 annotationSetCollection-totalScore 8 annotationSetCollection-id 27890     
ParticipantMedicalIdentifier-id 25542 annotationSetCollection-type ns2:NottinghamHistopathologicGrade annotationSetCollection-mitoticCount 3 ParticipantMedicalIdentifier-medicalRecordNumber T29750 annotationSetCollection-totalScore 9 annotationSetCollection-id 27833     
ParticipantMedicalIdentifier-id 25080 annotationSetCollection-type ns2:NottinghamHistopathologicGrade annotationSetCollection-mitoticCount 3 ParticipantMedicalIdentifier-medicalRecordNumber Q91234 annotationSetCollection-totalScore 9 annotationSetCollection-id 28134     
ParticipantMedicalIdentifier-id 25619 annotationSetCollection-type ns2:NottinghamHistopathologicGrade annotationSetCollection-mitoticCount 2 ParticipantMedicalIdentifier-medicalRecordNumber Y64104 annotationSetCollection-totalScore 8 annotationSetCollection-id 27853     
ParticipantMedicalIdentifier-id 27656 annotationSetCollection-type ns2:NottinghamHistopathologicGrade annotationSetCollection-mitoticCount 2 ParticipantMedicalIdentifier-medicalRecordNumber P97636 annotationSetCollection-totalScore 8 annotationSetCollection-id 28002     
ParticipantMedicalIdentifier-id 25017 annotationSetCollection-type ns2:NottinghamHistopathologicGrade annotationSetCollection-mitoticCount 3 ParticipantMedicalIdentifier-medicalRecordNumber Y87263 annotationSetCollection-totalScore 8 annotationSetCollection-id 28125     
ParticipantMedicalIdentifier-id 27404 annotationSetCollection-type ns2:NottinghamHistopathologicGrade annotationSetCollection-mitoticCount 3 ParticipantMedicalIdentifier-medicalRecordNumber ZQ8567 annotationSetCollection-totalScore 9 annotationSetCollection-id 27966     
ParticipantMedicalIdentifier-id 24779 annotationSetCollection-type ns2:NottinghamHistopathologicGrade annotationSetCollection-mitoticCount 3 ParticipantMedicalIdentifier-medicalRecordNumber XU9561 annotationSetCollection-totalScore 9 annotationSetCollection-id 27865     
ParticipantMedicalIdentifier-id 27565 annotationSetCollection-type ns2:NottinghamHistopathologicGrade annotationSetCollection-mitoticCount 3 ParticipantMedicalIdentifier-medicalRecordNumber YS4499 annotationSetCollection-totalScore 8 annotationSetCollection-id 27989     
ParticipantMedicalIdentifier-id 27432 annotationSetCollection-type ns2:NottinghamHistopathologicGrade annotationSetCollection-mitoticCount 3 ParticipantMedicalIdentifier-medicalRecordNumber U81356 annotationSetCollection-totalScore 8 annotationSetCollection-id 27970     
ParticipantMedicalIdentifier-id 24695 annotationSetCollection-type ns2:NottinghamHistopathologicGrade annotationSetCollection-mitoticCount 3 ParticipantMedicalIdentifier-medicalRecordNumber W63332 annotationSetCollection-totalScore 9 annotationSetCollection-id 28072     
ParticipantMedicalIdentifier-id 25122 annotationSetCollection-type ns2:NottinghamHistopathologicGrade annotationSetCollection-mitoticCount 3 ParticipantMedicalIdentifier-medicalRecordNumber YV2638 annotationSetCollection-totalScore 9 annotationSetCollection-id 28140     
ParticipantMedicalIdentifier-id 25724 annotationSetCollection-type ns2:NottinghamHistopathologicGrade annotationSetCollection-mitoticCount 2 ParticipantMedicalIdentifier-medicalRecordNumber YS9344 annotationSetCollection-totalScore 8 annotationSetCollection-id 27880     
ParticipantMedicalIdentifier-id 25570 annotationSetCollection-type ns2:NottinghamHistopathologicGrade annotationSetCollection-mitoticCount 2 ParticipantMedicalIdentifier-medicalRecordNumber P51246 annotationSetCollection-totalScore 8 annotationSetCollection-id 28204     
ParticipantMedicalIdentifier-id 26046 annotationSetCollection-type ns2:NottinghamHistopathologicGrade annotationSetCollection-mitoticCount 3 ParticipantMedicalIdentifier-medicalRecordNumber YZ0665 annotationSetCollection-totalScore 8 annotationSetCollection-id 28272     
ParticipantMedicalIdentifier-id 27579 annotationSetCollection-type ns2:NottinghamHistopathologicGrade annotationSetCollection-mitoticCount 3 ParticipantMedicalIdentifier-medicalRecordNumber YP9651 annotationSetCollection-totalScore 8 annotationSetCollection-id 27991     
ParticipantMedicalIdentifier-id 25423 annotationSetCollection-type ns2:NottinghamHistopathologicGrade annotationSetCollection-mitoticCount 3 ParticipantMedicalIdentifier-medicalRecordNumber YU3178 annotationSetCollection-totalScore 8 annotationSetCollection-id 28183     
ParticipantMedicalIdentifier-id 24597 annotationSetCollection-type ns2:NottinghamHistopathologicGrade annotationSetCollection-mitoticCount 2 ParticipantMedicalIdentifier-medicalRecordNumber T94557 annotationSetCollection-totalScore 8 annotationSetCollection-id 27807     
ParticipantMedicalIdentifier-id 24751 annotationSetCollection-type ns2:NottinghamHistopathologicGrade annotationSetCollection-mitoticCount 3 ParticipantMedicalIdentifier-medicalRecordNumber T74718 annotationSetCollection-totalScore 8 annotationSetCollection-id 28080     
ParticipantMedicalIdentifier-id 24751 annotationSetCollection-type ns4:NottinghamHistopathologicGrade annotationSetCollection-mitoticCount 3 ParticipantMedicalIdentifier-medicalRecordNumber T74718 annotationSetCollection-totalScore 9 annotationSetCollection-id 27856     
ParticipantMedicalIdentifier-id 24422 annotationSetCollection-type ns2:NottinghamHistopathologicGrade annotationSetCollection-mitoticCount 3 ParticipantMedicalIdentifier-medicalRecordNumber XX2647 annotationSetCollection-totalScore 8 annotationSetCollection-id 28033     
ParticipantMedicalIdentifier-id 26025 annotationSetCollection-type ns2:NottinghamHistopathologicGrade annotationSetCollection-mitoticCount 3 ParticipantMedicalIdentifier-medicalRecordNumber W22809 annotationSetCollection-totalScore 8 annotationSetCollection-id 28269     
ParticipantMedicalIdentifier-id 25332 annotationSetCollection-type ns2:NottinghamHistopathologicGrade annotationSetCollection-mitoticCount 2 ParticipantMedicalIdentifier-medicalRecordNumber ZW5755 annotationSetCollection-totalScore 8 annotationSetCollection-id 28170     
ParticipantMedicalIdentifier-id 25766 annotationSetCollection-type ns2:NottinghamHistopathologicGrade annotationSetCollection-mitoticCount 3 ParticipantMedicalIdentifier-medicalRecordNumber YV1452 annotationSetCollection-totalScore 9 annotationSetCollection-id 27891     
ParticipantMedicalIdentifier-id 27628 annotationSetCollection-type ns2:NottinghamHistopathologicGrade annotationSetCollection-mitoticCount 3 ParticipantMedicalIdentifier-medicalRecordNumber T81054 annotationSetCollection-totalScore 8 annotationSetCollection-id 27998     
ParticipantMedicalIdentifier-id 24730 annotationSetCollection-type ns2:NottinghamHistopathologicGrade annotationSetCollection-mitoticCount 3 ParticipantMedicalIdentifier-medicalRecordNumber W10120 annotationSetCollection-totalScore 8 annotationSetCollection-id 27849     
ParticipantMedicalIdentifier-id 24912 annotationSetCollection-type ns2:NottinghamHistopathologicGrade annotationSetCollection-mitoticCount 2 ParticipantMedicalIdentifier-medicalRecordNumber R35706 annotationSetCollection-totalScore 8 annotationSetCollection-id 27908     
ParticipantMedicalIdentifier-id 24513 annotationSetCollection-type ns2:NottinghamHistopathologicGrade annotationSetCollection-mitoticCount 2 ParticipantMedicalIdentifier-medicalRecordNumber ZR1952 annotationSetCollection-totalScore 8 annotationSetCollection-id 27780     
ParticipantMedicalIdentifier-id 25843 annotationSetCollection-type ns2:NottinghamHistopathologicGrade annotationSetCollection-mitoticCount 2 ParticipantMedicalIdentifier-medicalRecordNumber X19047 annotationSetCollection-totalScore 8 annotationSetCollection-id 27911     
ParticipantMedicalIdentifier-id 25605 annotationSetCollection-type ns2:NottinghamHistopathologicGrade annotationSetCollection-mitoticCount 2 ParticipantMedicalIdentifier-medicalRecordNumber W56722 annotationSetCollection-totalScore 8 annotationSetCollection-id 27850     
ParticipantMedicalIdentifier-id 25024 annotationSetCollection-type ns2:NottinghamHistopathologicGrade annotationSetCollection-mitoticCount 3 ParticipantMedicalIdentifier-medicalRecordNumber W85405 annotationSetCollection-totalScore 8 annotationSetCollection-id 28126     
ParticipantMedicalIdentifier-id 25892 annotationSetCollection-type ns2:NottinghamHistopathologicGrade annotationSetCollection-mitoticCount 3 ParticipantMedicalIdentifier-medicalRecordNumber YP7255 annotationSetCollection-totalScore 8 annotationSetCollection-id 27923     
ParticipantMedicalIdentifier-id 25689 annotationSetCollection-type ns2:NottinghamHistopathologicGrade annotationSetCollection-mitoticCount 2 ParticipantMedicalIdentifier-medicalRecordNumber ZV3436 annotationSetCollection-totalScore 8 annotationSetCollection-id 27871     
ParticipantMedicalIdentifier-id 25780 annotationSetCollection-type ns2:NottinghamHistopathologicGrade annotationSetCollection-mitoticCount 3 ParticipantMedicalIdentifier-medicalRecordNumber W63332 annotationSetCollection-totalScore 8 annotationSetCollection-id 28234     
ParticipantMedicalIdentifier-id 27663 annotationSetCollection-type ns2:NottinghamHistopathologicGrade annotationSetCollection-mitoticCount 2 ParticipantMedicalIdentifier-medicalRecordNumber V23795 annotationSetCollection-totalScore 8 annotationSetCollection-id 28003     
ParticipantMedicalIdentifier-id 25612 annotationSetCollection-type ns2:NottinghamHistopathologicGrade annotationSetCollection-mitoticCount 3 ParticipantMedicalIdentifier-medicalRecordNumber R35706 annotationSetCollection-totalScore 9 annotationSetCollection-id 28210     
ParticipantMedicalIdentifier-id 27551 annotationSetCollection-type ns2:NottinghamHistopathologicGrade annotationSetCollection-mitoticCount 3 ParticipantMedicalIdentifier-medicalRecordNumber P76847 annotationSetCollection-totalScore 8 annotationSetCollection-id 27987     
ParticipantMedicalIdentifier-id 25395 annotationSetCollection-type ns2:NottinghamHistopathologicGrade annotationSetCollection-mitoticCount 2 ParticipantMedicalIdentifier-medicalRecordNumber X34813 annotationSetCollection-totalScore 8 annotationSetCollection-id 28179     
ParticipantMedicalIdentifier-id 25563 annotationSetCollection-type ns2:NottinghamHistopathologicGrade annotationSetCollection-mitoticCount 2 ParticipantMedicalIdentifier-medicalRecordNumber W47993 annotationSetCollection-totalScore 8 annotationSetCollection-id 28203     
ParticipantMedicalIdentifier-id 25087 annotationSetCollection-type ns2:NottinghamHistopathologicGrade annotationSetCollection-mitoticCount 3 ParticipantMedicalIdentifier-medicalRecordNumber ZS8403 annotationSetCollection-totalScore 8 annotationSetCollection-id 28135     
ParticipantMedicalIdentifier-id 25381 annotationSetCollection-type ns2:NottinghamHistopathologicGrade annotationSetCollection-mitoticCount 3 ParticipantMedicalIdentifier-medicalRecordNumber XQ7785 annotationSetCollection-totalScore 8 annotationSetCollection-id 27792     
ParticipantMedicalIdentifier-id 24884 annotationSetCollection-type ns2:NottinghamHistopathologicGrade annotationSetCollection-mitoticCount 3 ParticipantMedicalIdentifier-medicalRecordNumber YR8434 annotationSetCollection-totalScore 9 annotationSetCollection-id 28099     
ParticipantMedicalIdentifier-id 25927 annotationSetCollection-type ns2:NottinghamHistopathologicGrade annotationSetCollection-mitoticCount 3 ParticipantMedicalIdentifier-medicalRecordNumber YP5903 annotationSetCollection-totalScore 9 annotationSetCollection-id 27932     
ParticipantMedicalIdentifier-id 24765 annotationSetCollection-type ns2:NottinghamHistopathologicGrade annotationSetCollection-mitoticCount 3 ParticipantMedicalIdentifier-medicalRecordNumber YW2886 annotationSetCollection-totalScore 9 annotationSetCollection-id 28082     
ParticipantMedicalIdentifier-id 24674 annotationSetCollection-type ns2:NottinghamHistopathologicGrade annotationSetCollection-mitoticCount 3 ParticipantMedicalIdentifier-medicalRecordNumber YV1452 annotationSetCollection-totalScore 9 annotationSetCollection-id 28069     
ParticipantMedicalIdentifier-id 25528 annotationSetCollection-type ns2:NottinghamHistopathologicGrade annotationSetCollection-mitoticCount 3 ParticipantMedicalIdentifier-medicalRecordNumber XV6966 annotationSetCollection-totalScore 9 annotationSetCollection-id 28198     
ParticipantMedicalIdentifier-id 25528 annotationSetCollection-type ns4:NottinghamHistopathologicGrade annotationSetCollection-mitoticCount 2 ParticipantMedicalIdentifier-medicalRecordNumber XV6966 annotationSetCollection-totalScore 8 annotationSetCollection-id 27830     
ParticipantMedicalIdentifier-id 24681 annotationSetCollection-type ns2:NottinghamHistopathologicGrade annotationSetCollection-mitoticCount 3 ParticipantMedicalIdentifier-medicalRecordNumber XZ9097 annotationSetCollection-totalScore 8 annotationSetCollection-id 28070     
ParticipantMedicalIdentifier-id 25941 annotationSetCollection-type ns2:NottinghamHistopathologicGrade annotationSetCollection-mitoticCount 3 ParticipantMedicalIdentifier-medicalRecordNumber M20548 annotationSetCollection-totalScore 8 annotationSetCollection-id 27936     
ParticipantMedicalIdentifier-id 25710 annotationSetCollection-type ns2:NottinghamHistopathologicGrade annotationSetCollection-mitoticCount 3 ParticipantMedicalIdentifier-medicalRecordNumber R73508 annotationSetCollection-totalScore 8 annotationSetCollection-id 28224     
ParticipantMedicalIdentifier-id 25710 annotationSetCollection-type ns4:NottinghamHistopathologicGrade annotationSetCollection-mitoticCount 3 ParticipantMedicalIdentifier-medicalRecordNumber R73508 annotationSetCollection-totalScore 8 annotationSetCollection-id 27877     
ParticipantMedicalIdentifier-id 27705 annotationSetCollection-type ns2:NottinghamHistopathologicGrade annotationSetCollection-mitoticCount 3 ParticipantMedicalIdentifier-medicalRecordNumber ZW9765 annotationSetCollection-totalScore 9 annotationSetCollection-id 28009     
ParticipantMedicalIdentifier-id 24541 annotationSetCollection-type ns2:NottinghamHistopathologicGrade annotationSetCollection-mitoticCount 3 ParticipantMedicalIdentifier-medicalRecordNumber XX2084 annotationSetCollection-totalScore 8 annotationSetCollection-id 28050     
ParticipantMedicalIdentifier-id 24352 annotationSetCollection-type ns2:NottinghamHistopathologicGrade annotationSetCollection-mitoticCount 3 ParticipantMedicalIdentifier-medicalRecordNumber XP4509 annotationSetCollection-totalScore 8 annotationSetCollection-id 28023     
ParticipantMedicalIdentifier-id 27537 annotationSetCollection-type ns2:NottinghamHistopathologicGrade annotationSetCollection-mitoticCount 2 ParticipantMedicalIdentifier-medicalRecordNumber P82651 annotationSetCollection-totalScore 8 annotationSetCollection-id 27985     
]]></system-out>
  <system-err><![CDATA[]]></system-err>
</testsuite>
